<?xml version="1.0" encoding="UTF-8"?>
<!-- Generated by org.testng.reporters.JUnitReportReporter -->
<testsuite hostname="DESKTOP-9N3RLMN" failures="0" tests="2" name="annotations.part_2" time="0.042" errors="0" timestamp="2024-09-03T11:17:38 IST" skipped="0">
  <testcase classname="annotations.part_2" name="TestExample2" time="0.032"/>
  <system-out/>
  <testcase classname="annotations.part_2" name="TestExample" time="0.010"/>
  <system-out/>
</testsuite> <!-- annotations.part_2 -->
