<?xml version="1.0" encoding="UTF-8"?>
<!-- Generated by org.testng.reporters.JUnitReportReporter -->
<testsuite hostname="DESKTOP-9N3RLMN" failures="0" tests="3" name="dataProviderAnnotation.data_provider_annotation" time="0.017" errors="0" timestamp="2024-08-24T15:52:45 IST" skipped="0">
  <testcase classname="dataProviderAnnotation.data_provider_annotation" name="logintest" time="0.004"/>
  <system-out/>
  <testcase classname="dataProviderAnnotation.data_provider_annotation" name="logintest" time="0.011"/>
  <system-out/>
  <testcase classname="dataProviderAnnotation.data_provider_annotation" name="logintest" time="0.002"/>
  <system-out/>
</testsuite> <!-- dataProviderAnnotation.data_provider_annotation -->
