<?xml version="1.0" encoding="UTF-8"?>
<!-- Generated by org.testng.reporters.JUnitReportReporter -->
<testsuite hostname="DESKTOP-9N3RLMN" failures="0" tests="1" name="parameterization_in_XML.parameterization" time="0.004" errors="0" timestamp="2024-09-03T11:17:38 IST" skipped="0">
  <testcase classname="parameterization_in_XML.parameterization" name="Parameterization" time="0.004"/>
  <system-out/>
</testsuite> <!-- parameterization_in_XML.parameterization -->
