<?xml version="1.0" encoding="UTF-8"?>
<!-- Generated by org.testng.reporters.JUnitReportReporter -->
<testsuite hostname="DESKTOP-9N3RLMN" failures="0" tests="4" name="annotation_helper_attributes.helper_attributes" time="0.029" errors="0" timestamp="2024-09-03T11:17:38 IST" skipped="1">
  <testcase classname="annotation_helper_attributes.helper_attributes" name="helper_attribute_1" time="0.007"/>
  <system-out/>
  <testcase classname="annotation_helper_attributes.helper_attributes" name="helper_attribute_2" time="0.002"/>
  <system-out/>
  <testcase classname="annotation_helper_attributes.helper_attributes" name="attribute_4" time="0.020"/>
  <system-out/>
  <testcase classname="annotation_helper_attributes.helper_attributes" name="attribute_3">
    <skipped/>
  </testcase> <!-- attribute_3 -->
  <system-out/>
</testsuite> <!-- annotation_helper_attributes.helper_attributes -->
