<?xml version="1.0" encoding="UTF-8"?>
<!-- Generated by org.testng.reporters.JUnitReportReporter -->
<testsuite hostname="DESKTOP-9N3RLMN" failures="0" tests="2" name="Framework_lessons.Groups" time="0.012" errors="0" timestamp="2024-09-03T11:17:38 IST" skipped="0">
  <testcase classname="Framework_lessons.Groups" name="smoke_test2" time="0.008"/>
  <system-out/>
  <testcase classname="Framework_lessons.Groups" name="smoke_test1" time="0.004"/>
  <system-out/>
</testsuite> <!-- Framework_lessons.Groups -->
