<?xml version="1.0" encoding="UTF-8"?>
<!-- Generated by org.testng.reporters.JUnitReportReporter -->
<testsuite hostname="DESKTOP-9N3RLMN" failures="0" tests="1" name="Demo" time="0.003" errors="0" timestamp="2024-07-30T12:18:02 IST" skipped="0">
  <testcase classname="Demo" name="demo1" time="0.003"/>
  <system-out/>
</testsuite> <!-- Demo -->
