<?xml version="1.0" encoding="UTF-8"?>
<!-- Generated by org.testng.reporters.JUnitReportReporter -->
<testsuite hostname="DESKTOP-9N3RLMN" failures="0" tests="2" name="sample" time="0.013" errors="0" timestamp="2024-07-30T12:18:02 IST" skipped="0">
  <testcase classname="sample" name="Demo1" time="0.003"/>
  <system-out/>
  <testcase classname="sample" name="Demo" time="0.010"/>
  <system-out/>
</testsuite> <!-- sample -->
