<?xml version="1.0" encoding="UTF-8"?>
<!-- Generated by org.testng.reporters.JUnitReportReporter -->
<testsuite hostname="DESKTOP-9N3RLMN" failures="0" tests="3" name="annotations.part_1" time="0.044" errors="0" timestamp="2024-09-03T11:17:38 IST" skipped="0">
  <testcase classname="annotations.part_1" name="test2" time="0.014"/>
  <system-out/>
  <testcase classname="annotations.part_1" name="test1" time="0.017"/>
  <system-out/>
  <testcase classname="annotations.part_1" name="test" time="0.013"/>
  <system-out/>
</testsuite> <!-- annotations.part_1 -->
